<?xml version="1.0" encoding="UTF-8"?>
<!-- Generated by org.testng.reporters.JUnitReportReporter -->
<testsuite hostname="LAPTOP-PO0RLHQF" failures="0" tests="8" name="com.DSAlgo.TestCase.GraphPageTest" time="13.896" errors="0" timestamp="2022-09-21T20:07:07 CDT" skipped="0">
  <testcase classname="com.DSAlgo.TestCase.GraphPageTest" name="graphPageOpenTest" time="2.421"/>
  <system-out/>
  <testcase classname="com.DSAlgo.TestCase.GraphPageTest" name="clickGraphBtnTest" time="2.429"/>
  <system-out/>
  <testcase classname="com.DSAlgo.TestCase.GraphPageTest" name="clickTryBtnTest_graph" time="3.071"/>
  <system-out/>
  <testcase classname="com.DSAlgo.TestCase.GraphPageTest" name="addTextTryEditorTest_graph" time="0.303"/>
  <system-out/>
  <testcase classname="com.DSAlgo.TestCase.GraphPageTest" name="clickGraphRepresenBtnTest" time="2.582"/>
  <system-out/>
  <testcase classname="com.DSAlgo.TestCase.GraphPageTest" name="clickTryBtnTest_GraphRepres" time="2.367"/>
  <system-out/>
  <testcase classname="com.DSAlgo.TestCase.GraphPageTest" name="addTextTryEditorTest__GraphRepres" time="0.288"/>
  <system-out/>
  <testcase classname="com.DSAlgo.TestCase.GraphPageTest" name="signOut_from_graph_Test" time="0.435"/>
  <system-out/>
</testsuite> <!-- com.DSAlgo.TestCase.GraphPageTest -->
