<?xml version="1.0" encoding="UTF-8"?>
<!-- Generated by org.testng.reporters.JUnitReportReporter -->
<testsuite hostname="LAPTOP-PO0RLHQF" failures="0" tests="19" name="com.DSAlgo.TestCase.ArrayPageTest" time="62.585" errors="0" timestamp="2022-09-21T20:07:07 CDT" skipped="0">
  <testcase classname="com.DSAlgo.TestCase.ArrayPageTest" name="arrayPageOpenTest" time="2.654"/>
  <system-out/>
  <testcase classname="com.DSAlgo.TestCase.ArrayPageTest" name="clickArrayInPythonTest" time="2.691"/>
  <system-out/>
  <testcase classname="com.DSAlgo.TestCase.ArrayPageTest" name="clickTryBtn_ArrayInPythonTest" time="2.959"/>
  <system-out/>
  <testcase classname="com.DSAlgo.TestCase.ArrayPageTest" name="addTextTryEditor_ArrayInPythonTest" time="0.420"/>
  <system-out/>
  <testcase classname="com.DSAlgo.TestCase.ArrayPageTest" name="clickArrayUsingListTest" time="2.471"/>
  <system-out/>
  <testcase classname="com.DSAlgo.TestCase.ArrayPageTest" name="clickTryBtn_ArrayUsingListTest" time="2.364"/>
  <system-out/>
  <testcase classname="com.DSAlgo.TestCase.ArrayPageTest" name="addTextTryEditor_ArrayUsingListTest" time="0.467"/>
  <system-out/>
  <testcase classname="com.DSAlgo.TestCase.ArrayPageTest" name="clickBasicOperrationListTest" time="2.464"/>
  <system-out/>
  <testcase classname="com.DSAlgo.TestCase.ArrayPageTest" name="clickTryBtn_BasicOperrationListTest" time="2.601"/>
  <system-out/>
  <testcase classname="com.DSAlgo.TestCase.ArrayPageTest" name="addTextTryEditor_BasicOperrationListTest" time="0.419"/>
  <system-out/>
  <testcase classname="com.DSAlgo.TestCase.ArrayPageTest" name="clickApplicationOfArrayTest" time="2.751"/>
  <system-out/>
  <testcase classname="com.DSAlgo.TestCase.ArrayPageTest" name="clickTryBtn_ApplicationOfArrayTest" time="2.614"/>
  <system-out/>
  <testcase classname="com.DSAlgo.TestCase.ArrayPageTest" name="addTextTryEditor_ApplicationOfArrayTest" time="0.363"/>
  <system-out/>
  <testcase classname="com.DSAlgo.TestCase.ArrayPageTest" name="clickPracticeQuestionTest" time="2.393"/>
  <system-out/>
  <testcase classname="com.DSAlgo.TestCase.ArrayPageTest" name="clickSearchOfArrayTest" time="8.502"/>
  <system-out/>
  <testcase classname="com.DSAlgo.TestCase.ArrayPageTest" name="clickMaxConsOneTest" time="9.693"/>
  <system-out/>
  <testcase classname="com.DSAlgo.TestCase.ArrayPageTest" name="clickFindNumEvenDigTest" time="8.041"/>
  <system-out/>
  <testcase classname="com.DSAlgo.TestCase.ArrayPageTest" name="clickSqarOfSortedArrayTest" time="8.227"/>
  <system-out/>
  <testcase classname="com.DSAlgo.TestCase.ArrayPageTest" name="signOut_from_array_Test" time="0.491"/>
  <system-out/>
</testsuite> <!-- com.DSAlgo.TestCase.ArrayPageTest -->
