<?xml version="1.0" encoding="UTF-8"?>
<!-- Generated by org.testng.reporters.JUnitReportReporter -->
<testsuite hostname="LAPTOP-PO0RLHQF" failures="0" tests="15" name="com.DSAlgo.TestCase.TreePageTest" time="173.342" errors="0" timestamp="2022-09-21T20:07:07 CDT" skipped="0">
  <testcase classname="com.DSAlgo.TestCase.TreePageTest" name="testForTreePage" time="0.538"/>
  <system-out/>
  <testcase classname="com.DSAlgo.TestCase.TreePageTest" name="clickOntreeBtn" time="0.644"/>
  <system-out/>
  <testcase classname="com.DSAlgo.TestCase.TreePageTest" name="clickOnTryEditor" time="7.419"/>
  <system-out/>
  <testcase classname="com.DSAlgo.TestCase.TreePageTest" name="testTerminology" time="13.788"/>
  <system-out/>
  <testcase classname="com.DSAlgo.TestCase.TreePageTest" name="testTypesOfTree" time="13.379"/>
  <system-out/>
  <testcase classname="com.DSAlgo.TestCase.TreePageTest" name="testTrTraversals" time="13.448"/>
  <system-out/>
  <testcase classname="com.DSAlgo.TestCase.TreePageTest" name="testTrTraversalsIllustartion" time="13.541"/>
  <system-out/>
  <testcase classname="com.DSAlgo.TestCase.TreePageTest" name="testBinTr" time="14.061"/>
  <system-out/>
  <testcase classname="com.DSAlgo.TestCase.TreePageTest" name="testTypesOfBinTr" time="13.650"/>
  <system-out/>
  <testcase classname="com.DSAlgo.TestCase.TreePageTest" name="testImplementationOfPython" time="13.475"/>
  <system-out/>
  <testcase classname="com.DSAlgo.TestCase.TreePageTest" name="testclickOnBinaryTrTraversals" time="13.508"/>
  <system-out/>
  <testcase classname="com.DSAlgo.TestCase.TreePageTest" name="testClickOnImplemenetationOfBinaryTr" time="13.336"/>
  <system-out/>
  <testcase classname="com.DSAlgo.TestCase.TreePageTest" name="testClickOnApplicationOfBinaryTrr" time="13.298"/>
  <system-out/>
  <testcase classname="com.DSAlgo.TestCase.TreePageTest" name="testclickOnBinarySearchTree" time="13.808"/>
  <system-out/>
  <testcase classname="com.DSAlgo.TestCase.TreePageTest" name="testClickOnImplementationOfBst" time="15.449"/>
  <system-out/>
</testsuite> <!-- com.DSAlgo.TestCase.TreePageTest -->
