<?xml version="1.0" encoding="UTF-8"?>
<!-- Generated by org.testng.reporters.JUnitReportReporter -->
<testsuite hostname="LAPTOP-PO0RLHQF" failures="0" tests="6" name="com.DSAlgo.TestCase.DataStructureTest" time="16.947" errors="0" timestamp="2022-09-21T20:07:07 CDT" skipped="0">
  <testcase classname="com.DSAlgo.TestCase.DataStructureTest" name="click_Getstarted_below_DataStructureTest" time="1.381"/>
  <system-out/>
  <testcase classname="com.DSAlgo.TestCase.DataStructureTest" name="click_timeComplexityTest" time="1.313"/>
  <system-out/>
  <testcase classname="com.DSAlgo.TestCase.DataStructureTest" name="click_practiceQnsTest" time="3.295"/>
  <system-out/>
  <testcase classname="com.DSAlgo.TestCase.DataStructureTest" name="click_tryHereTest" time="3.701"/>
  <system-out/>
  <testcase classname="com.DSAlgo.TestCase.DataStructureTest" name="sendCodeTest" time="6.856"/>
  <system-out/>
  <testcase classname="com.DSAlgo.TestCase.DataStructureTest" name="signOut_from_dataStructurePage_Test" time="0.401"/>
  <system-out/>
</testsuite> <!-- com.DSAlgo.TestCase.DataStructureTest -->
