<?xml version="1.0" encoding="UTF-8"?>
<!-- Generated by org.testng.reporters.JUnitReportReporter -->
<testsuite hostname="LAPTOP-PO0RLHQF" failures="0" tests="6" name="com.DSAlgo.TestCase.HomePageTest" time="40.079" errors="0" timestamp="2022-09-21T20:07:07 CDT" skipped="0">
  <testcase classname="com.DSAlgo.TestCase.HomePageTest" name="clickRegisterBtnTest" time="0.506"/>
  <system-out/>
  <testcase classname="com.DSAlgo.TestCase.HomePageTest" name="signOutTest" time="15.739"/>
  <system-out/>
  <testcase classname="com.DSAlgo.TestCase.HomePageTest" name="validateloginFromdropDownTest" time="16.200"/>
  <system-out/>
  <testcase classname="com.DSAlgo.TestCase.HomePageTest" name="clickSignInTest" time="4.559"/>
  <system-out/>
  <testcase classname="com.DSAlgo.TestCase.HomePageTest" name="beforeLoginClickTest" time="0.673"/>
  <system-out/>
  <testcase classname="com.DSAlgo.TestCase.HomePageTest" name="validatedropDownlinkTest" time="2.402"/>
  <system-out/>
</testsuite> <!-- com.DSAlgo.TestCase.HomePageTest -->
