<?xml version="1.0" encoding="UTF-8"?>
<!-- Generated by org.testng.reporters.JUnitReportReporter -->
<testsuite hostname="LAPTOP-PO0RLHQF" failures="0" tests="7" name="com.DSAlgo.TestCase.QueuePageTest" time="26.023" errors="0" timestamp="2022-09-21T20:07:07 CDT" skipped="0">
  <testcase classname="com.DSAlgo.TestCase.QueuePageTest" name="click_Getstarted_below_QueuePageTest" time="1.382"/>
  <system-out/>
  <testcase classname="com.DSAlgo.TestCase.QueuePageTest" name="click_implOfQueueInPython_Test" time="8.284"/>
  <system-out/>
  <testcase classname="com.DSAlgo.TestCase.QueuePageTest" name="click_implementationUsingCollection" time="4.931"/>
  <system-out/>
  <testcase classname="com.DSAlgo.TestCase.QueuePageTest" name="cllick_implementationUsingArray" time="4.976"/>
  <system-out/>
  <testcase classname="com.DSAlgo.TestCase.QueuePageTest" name="cllick_queueOperation" time="4.937"/>
  <system-out/>
  <testcase classname="com.DSAlgo.TestCase.QueuePageTest" name="cllick_practicQuestion" time="1.175"/>
  <system-out/>
  <testcase classname="com.DSAlgo.TestCase.QueuePageTest" name="signOut_from_queuePage_Test" time="0.338"/>
  <system-out/>
</testsuite> <!-- com.DSAlgo.TestCase.QueuePageTest -->
