<?xml version="1.0" encoding="UTF-8"?>
<!-- Generated by org.testng.reporters.JUnitReportReporter -->
<testsuite hostname="LAPTOP-PO0RLHQF" failures="0" tests="3" name="com.DSAlgo.TestCase.landingPageTest" time="1.304" errors="0" timestamp="2022-09-21T20:07:07 CDT" skipped="0">
  <testcase classname="com.DSAlgo.TestCase.landingPageTest" name="validatelandingpageTest" time="0.100"/>
  <system-out/>
  <testcase classname="com.DSAlgo.TestCase.landingPageTest" name="verifyLandingPagetitleTest" time="0.010"/>
  <system-out/>
  <testcase classname="com.DSAlgo.TestCase.landingPageTest" name="clickOnGetStartedTest" time="1.194"/>
  <system-out/>
</testsuite> <!-- com.DSAlgo.TestCase.landingPageTest -->
