<?xml version="1.0" encoding="UTF-8"?>
<!-- Generated by org.testng.reporters.JUnitReportReporter -->
<testsuite hostname="LAPTOP-PO0RLHQF" failures="0" tests="6" name="com.DSAlgo.TestCase.LogInPageTest" time="121.623" errors="0" timestamp="2022-09-21T20:07:07 CDT" skipped="0">
  <testcase classname="com.DSAlgo.TestCase.LogInPageTest" name="logintest" time="20.756"/>
  <system-out/>
  <testcase classname="com.DSAlgo.TestCase.LogInPageTest" name="logintest" time="25.591"/>
  <system-out/>
  <testcase classname="com.DSAlgo.TestCase.LogInPageTest" name="logintest" time="25.436"/>
  <system-out/>
  <testcase classname="com.DSAlgo.TestCase.LogInPageTest" name="logintest" time="5.473"/>
  <system-out/>
  <testcase classname="com.DSAlgo.TestCase.LogInPageTest" name="logintest" time="23.335"/>
  <system-out/>
  <testcase classname="com.DSAlgo.TestCase.LogInPageTest" name="logintest" time="21.032"/>
  <system-out/>
</testsuite> <!-- com.DSAlgo.TestCase.LogInPageTest -->
